<?xml version="1.0" encoding="UTF-8"?>
<testsuite name="Test Node1"
           tests="2"
           failures="1"
           errors="0"
           skipped="1"
           time="0.000">
  <properties />
            <testcase name="InitBrowsers" time="0.000" classname="executionEngine.DriverScriptTest">
                <failure type="org.testng.TestNGException"
                  message="
Can inject only one of &lt;ITestContext, XmlTest, Method, Object[], ITestResult&gt; into a @BeforeMethod annotated InitBrowsers.
For more information on native dependency injection please refer to http://testng.org/doc/documentation-main.html#native-dependency-injection"
              >
<![CDATA[org.testng.TestNGException: 
Can inject only one of <ITestContext, XmlTest, Method, Object[], ITestResult> into a @BeforeMethod annotated InitBrowsers.
For more information on native dependency injection please refer to http://testng.org/doc/documentation-main.html#native-dependency-injection
  org.testng.internal.Parameters.checkParameterTypes(Parameters.java:407)
  org.testng.internal.Parameters.createParametersForMethod(Parameters.java:356)
  org.testng.internal.Parameters.createParameters(Parameters.java:635)
  org.testng.internal.Parameters.createConfigurationParameters(Parameters.java:190)
  org.testng.internal.Invoker.invokeConfigurations(Invoker.java:209)
  org.testng.internal.Invoker.invokeMethod(Invoker.java:523)
  org.testng.internal.Invoker.invokeTestMethod(Invoker.java:719)
  org.testng.internal.Invoker.invokeTestMethods(Invoker.java:989)
  org.testng.internal.TestMethodWorker.invokeTestMethods(TestMethodWorker.java:125)
  org.testng.internal.TestMethodWorker.run(TestMethodWorker.java:109)
  org.testng.TestRunner.privateRun(TestRunner.java:648)
  org.testng.TestRunner.run(TestRunner.java:505)
  org.testng.SuiteRunner.runTest(SuiteRunner.java:455)
  org.testng.SuiteRunner.access$000(SuiteRunner.java:40)
  org.testng.SuiteRunner$SuiteWorker.run(SuiteRunner.java:489)
  org.testng.internal.thread.ThreadUtil$1.call(ThreadUtil.java:52)
  java.util.concurrent.FutureTask.run(FutureTask.java:266)
  java.util.concurrent.ThreadPoolExecutor.runWorker(ThreadPoolExecutor.java:1149)
  java.util.concurrent.ThreadPoolExecutor$Worker.run(ThreadPoolExecutor.java:624)
  java.lang.Thread.run(Thread.java:748)
]]>
      </failure>

          </testcase>
  
            <testcase name="Intitialize" time="0.0" classname="executionEngine.DriverScriptTest">
          <skipped />
    </testcase>
  
  
</testsuite>
