<?xml version="1.0" encoding="UTF-8"?>
<testng-results skipped="0" failed="0" ignored="0" total="1" passed="1">
  <reporter-output>
  </reporter-output>
  <suite name="Test Grid" duration-ms="30633" started-at="2018-10-26T03:22:08Z" finished-at="2018-10-26T03:22:39Z">
    <groups>
    </groups>
    <test name="Test Node1 chrome" duration-ms="30633" started-at="2018-10-26T03:22:08Z" finished-at="2018-10-26T03:22:39Z">
      <class name="executionEngine.MobileDriverScriptTest">
        <test-method status="PASS" signature="Initialize()[pri:0, instance:executionEngine.MobileDriverScriptTest@eafc191]" name="Initialize" duration-ms="30602" started-at="2018-10-26T03:22:08Z" finished-at="2018-10-26T03:22:39Z">
          <reporter-output>
          </reporter-output>
        </test-method> <!-- Initialize -->
      </class> <!-- executionEngine.MobileDriverScriptTest -->
    </test> <!-- Test Node1 chrome -->
  </suite> <!-- Test Grid -->
</testng-results>
