<?xml version="1.0" encoding="UTF-8"?>
<testng-results skipped="0" failed="0" ignored="0" total="1" passed="1">
  <reporter-output>
  </reporter-output>
  <suite name="Suite" duration-ms="54657" started-at="2018-08-22T04:32:43Z" finished-at="2018-08-22T04:33:37Z">
    <groups>
    </groups>
    <test name="CRMPROTesting" duration-ms="54657" started-at="2018-08-22T04:32:43Z" finished-at="2018-08-22T04:33:37Z">
      <class name="executionEngine.DriverScriptTest">
        <test-method status="PASS" signature="Intitialize()[pri:0, instance:executionEngine.DriverScriptTest@148080bb]" name="Intitialize" duration-ms="54641" started-at="2018-08-22T04:32:43Z" finished-at="2018-08-22T04:33:37Z">
          <reporter-output>
          </reporter-output>
        </test-method> <!-- Intitialize -->
      </class> <!-- executionEngine.DriverScriptTest -->
    </test> <!-- CRMPROTesting -->
  </suite> <!-- Suite -->
</testng-results>
