<?xml version="1.0" encoding="UTF-8"?>
<!-- Generated by org.testng.reporters.JUnitXMLReporter -->
<testsuite hostname="LAPTOP-Q35KUDM9" ignored="0" name="Test Node1 chrome" tests="1" failures="1" timestamp="11 Oct 2018 00:00:43 GMT" time="9.945" errors="0">
  <testcase name="Intitialize" time="9.931" classname="executionEngine.DriverScriptTest">
    <failure type="java.lang.reflect.InvocationTargetException">
      <![CDATA[java.lang.reflect.InvocationTargetException
at executionEngine.DriverScriptTest.execute_Actions(DriverScriptTest.java:238)
at executionEngine.DriverScriptTest.execute_TestCase(DriverScriptTest.java:184)
at executionEngine.DriverScriptTest.Intitialize(DriverScriptTest.java:88)
Caused by: java.lang.NullPointerException
at config.ActionKeywords.navigate(ActionKeywords.java:73)
... 32 more
... Removed 29 stack frames]]>
    </failure>
  </testcase> <!-- Intitialize -->
</testsuite> <!-- Test Node1 chrome -->
