<?xml version="1.0" encoding="UTF-8"?>
<testng-results skipped="0" failed="0" ignored="0" total="1" passed="1">
  <reporter-output>
  </reporter-output>
  <suite name="Default suite" duration-ms="44107" started-at="2018-08-28T01:23:13Z" finished-at="2018-08-28T01:23:57Z">
    <groups>
    </groups>
    <test name="Default test" duration-ms="44107" started-at="2018-08-28T01:23:13Z" finished-at="2018-08-28T01:23:57Z">
      <class name="datadrivenFramework.Apache_POI_Test">
        <test-method status="PASS" signature="Excute()[pri:0, instance:datadrivenFramework.Apache_POI_Test@5622fdf]" name="Excute" duration-ms="44066" started-at="2018-08-28T01:23:13Z" finished-at="2018-08-28T01:23:57Z">
          <reporter-output>
          </reporter-output>
        </test-method> <!-- Excute -->
      </class> <!-- datadrivenFramework.Apache_POI_Test -->
    </test> <!-- Default test -->
  </suite> <!-- Default suite -->
</testng-results>
