<?xml version="1.0" encoding="UTF-8"?>
<testng-results skipped="0" failed="0" ignored="0" total="1" passed="1">
  <reporter-output>
  </reporter-output>
  <suite name="Default suite" duration-ms="49659" started-at="2018-09-01T13:12:06Z" finished-at="2018-09-01T13:12:56Z">
    <groups>
    </groups>
    <test name="Default test" duration-ms="49659" started-at="2018-09-01T13:12:06Z" finished-at="2018-09-01T13:12:56Z">
      <class name="datadrivenFramework.Apache_POI_Test">
        <test-method status="PASS" signature="beforeMethod()[pri:0, instance:datadrivenFramework.Apache_POI_Test@204f30ec]" name="beforeMethod" is-config="true" duration-ms="19858" started-at="2018-09-01T13:12:06Z" finished-at="2018-09-01T13:12:26Z">
          <reporter-output>
          </reporter-output>
        </test-method> <!-- beforeMethod -->
        <test-method status="PASS" signature="main()[pri:0, instance:datadrivenFramework.Apache_POI_Test@204f30ec]" name="main" duration-ms="26418" started-at="2018-09-01T13:12:26Z" finished-at="2018-09-01T13:12:52Z">
          <reporter-output>
          </reporter-output>
        </test-method> <!-- main -->
        <test-method status="PASS" signature="afterMethod()[pri:0, instance:datadrivenFramework.Apache_POI_Test@204f30ec]" name="afterMethod" is-config="true" duration-ms="3348" started-at="2018-09-01T13:12:52Z" finished-at="2018-09-01T13:12:56Z">
          <reporter-output>
          </reporter-output>
        </test-method> <!-- afterMethod -->
      </class> <!-- datadrivenFramework.Apache_POI_Test -->
    </test> <!-- Default test -->
  </suite> <!-- Default suite -->
</testng-results>
